[ 2017-12-05T15:44:37+08:00 ] ::1 /image_system/index.php
INFO: [ app_init ] --START--
INFO: Run Behavior\BuildLiteBehavior [ RunTime:0.000014s ]
INFO: [ app_init ] --END-- [ RunTime:0.000525s ]
INFO: [ app_begin ] --START--
INFO: Run Behavior\ReadHtmlCacheBehavior [ RunTime:0.005588s ]
INFO: [ app_begin ] --END-- [ RunTime:0.005611s ]
SQL: SHOW COLUMNS FROM `ps_file_administration` [ RunTime:0.0582s ]
SQL: SELECT * FROM `ps_file_administration` WHERE ( 1=1 ) ORDER BY ps_file_id desc  [ RunTime:0.0003s ]
INFO: [ view_parse ] --START--
INFO: [ template_filter ] --START--
INFO: Run Behavior\ContentReplaceBehavior [ RunTime:0.000106s ]
INFO: [ template_filter ] --END-- [ RunTime:0.000139s ]
NOTIC: [8] Undefined variable: vo E:\xampp\htdocs\image_system\Application\Runtime\Cache\Home\2a94b8bda04ff446dcedd42276fc99ee.php 第 52 行.
NOTIC: [8] Undefined variable: vo E:\xampp\htdocs\image_system\Application\Runtime\Cache\Home\2a94b8bda04ff446dcedd42276fc99ee.php 第 52 行.
INFO: Run Behavior\ParseTemplateBehavior [ RunTime:0.034177s ]
INFO: [ view_parse ] --END-- [ RunTime:0.034201s ]
INFO: [ view_filter ] --START--
INFO: Run Behavior\WriteHtmlCacheBehavior [ RunTime:0.009386s ]
INFO: [ view_filter ] --END-- [ RunTime:0.009409s ]
INFO: [ app_end ] --START--
INFO: Run Behavior\ShowPageTraceBehavior [ RunTime:0.010747s ]
INFO: [ app_end ] --END-- [ RunTime:0.010768s ]

[ 2017-12-05T15:44:37+08:00 ] ::1 /image_system/home/index/ajaxchuli?type=5
INFO: [ app_init ] --START--
INFO: Run Behavior\BuildLiteBehavior [ RunTime:0.000009s ]
INFO: [ app_init ] --END-- [ RunTime:0.000431s ]
INFO: [ app_begin ] --START--
INFO: Run Behavior\ReadHtmlCacheBehavior [ RunTime:0.000447s ]
INFO: [ app_begin ] --END-- [ RunTime:0.000470s ]
SQL: SHOW COLUMNS FROM `ps_file_administration` [ RunTime:0.0024s ]
SQL: SELECT * FROM `ps_file_administration` ORDER BY ps_file_id desc  [ RunTime:0.0002s ]

[ 2017-12-05T15:44:57+08:00 ] ::1 /image_system/home/index/insert
INFO: [ app_init ] --START--
INFO: Run Behavior\BuildLiteBehavior [ RunTime:0.000008s ]
INFO: [ app_init ] --END-- [ RunTime:0.000270s ]
INFO: [ app_begin ] --START--
INFO: Run Behavior\ReadHtmlCacheBehavior [ RunTime:0.000407s ]
INFO: [ app_begin ] --END-- [ RunTime:0.000430s ]
SQL: SHOW COLUMNS FROM `ps_file_administration` [ RunTime:0.0165s ]
SQL: INSERT INTO `ps_file_administration` (`ps_file_name`,`ps_file_route`,`ps_file_type`) VALUES ('2.jpg','15124598962.jpg','2') [ RunTime:0.0481s ]
SQL: INSERT INTO `ps_file_administration` (`ps_file_name`,`ps_file_route`,`ps_file_type`) VALUES ('110.jpg','1512459896110.jpg','2') [ RunTime:0.0439s ]

[ 2017-12-05T15:44:57+08:00 ] ::1 /image_system/home/index/ajaxchuli?type=5
INFO: [ app_init ] --START--
INFO: Run Behavior\BuildLiteBehavior [ RunTime:0.000007s ]
INFO: [ app_init ] --END-- [ RunTime:0.000254s ]
INFO: [ app_begin ] --START--
INFO: Run Behavior\ReadHtmlCacheBehavior [ RunTime:0.000309s ]
INFO: [ app_begin ] --END-- [ RunTime:0.000332s ]
SQL: SHOW COLUMNS FROM `ps_file_administration` [ RunTime:0.0116s ]
SQL: SELECT * FROM `ps_file_administration` ORDER BY ps_file_id desc  [ RunTime:0.0002s ]

[ 2017-12-05T15:45:34+08:00 ] ::1 /image_system/home/index/insert
INFO: [ app_init ] --START--
INFO: Run Behavior\BuildLiteBehavior [ RunTime:0.000008s ]
INFO: [ app_init ] --END-- [ RunTime:0.000282s ]
INFO: [ app_begin ] --START--
INFO: Run Behavior\ReadHtmlCacheBehavior [ RunTime:0.000415s ]
INFO: [ app_begin ] --END-- [ RunTime:0.000438s ]
SQL: SHOW COLUMNS FROM `ps_file_administration` [ RunTime:0.0019s ]
SQL: INSERT INTO `ps_file_administration` (`ps_file_name`,`ps_file_route`,`ps_file_type`) VALUES ('3.jpg','15124599343.jpg','1') [ RunTime:0.0574s ]
SQL: INSERT INTO `ps_file_administration` (`ps_file_name`,`ps_file_route`,`ps_file_type`) VALUES ('5.jpg','15124599345.jpg','1') [ RunTime:0.0331s ]
SQL: INSERT INTO `ps_file_administration` (`ps_file_name`,`ps_file_route`,`ps_file_type`) VALUES ('6.jpg','15124599346.jpg','1') [ RunTime:0.0308s ]
SQL: INSERT INTO `ps_file_administration` (`ps_file_name`,`ps_file_route`,`ps_file_type`) VALUES ('9.jpg','15124599349.jpg','1') [ RunTime:0.0333s ]
SQL: INSERT INTO `ps_file_administration` (`ps_file_name`,`ps_file_route`,`ps_file_type`) VALUES ('12.jpg','151245993412.jpg','1') [ RunTime:0.0161s ]
SQL: INSERT INTO `ps_file_administration` (`ps_file_name`,`ps_file_route`,`ps_file_type`) VALUES ('14.jpg','151245993414.jpg','1') [ RunTime:0.0171s ]
SQL: INSERT INTO `ps_file_administration` (`ps_file_name`,`ps_file_route`,`ps_file_type`) VALUES ('15.jpg','151245993415.jpg','1') [ RunTime:0.0161s ]
SQL: INSERT INTO `ps_file_administration` (`ps_file_name`,`ps_file_route`,`ps_file_type`) VALUES ('16.jpg','151245993416.jpg','1') [ RunTime:0.0171s ]
SQL: INSERT INTO `ps_file_administration` (`ps_file_name`,`ps_file_route`,`ps_file_type`) VALUES ('17.jpg','151245993417.jpg','1') [ RunTime:0.0161s ]

[ 2017-12-05T15:45:34+08:00 ] ::1 /image_system/home/index/ajaxchuli?type=5
INFO: [ app_init ] --START--
INFO: Run Behavior\BuildLiteBehavior [ RunTime:0.000005s ]
INFO: [ app_init ] --END-- [ RunTime:0.000227s ]
INFO: [ app_begin ] --START--
INFO: Run Behavior\ReadHtmlCacheBehavior [ RunTime:0.000308s ]
INFO: [ app_begin ] --END-- [ RunTime:0.000329s ]
SQL: SHOW COLUMNS FROM `ps_file_administration` [ RunTime:0.0023s ]
SQL: SELECT * FROM `ps_file_administration` ORDER BY ps_file_id desc  [ RunTime:0.0002s ]

[ 2017-12-05T15:45:40+08:00 ] ::1 /image_system/home/index/ajaxchuli?type=1
INFO: [ app_init ] --START--
INFO: Run Behavior\BuildLiteBehavior [ RunTime:0.000009s ]
INFO: [ app_init ] --END-- [ RunTime:0.000337s ]
INFO: [ app_begin ] --START--
INFO: Run Behavior\ReadHtmlCacheBehavior [ RunTime:0.000453s ]
INFO: [ app_begin ] --END-- [ RunTime:0.000485s ]
SQL: SHOW COLUMNS FROM `ps_file_administration` [ RunTime:0.0020s ]
SQL: SELECT * FROM `ps_file_administration` WHERE `ps_file_type` = 1 ORDER BY ps_file_id desc  [ RunTime:0.0003s ]

[ 2017-12-05T15:46:11+08:00 ] ::1 /image_system/home/index/insert
INFO: [ app_init ] --START--
INFO: Run Behavior\BuildLiteBehavior [ RunTime:0.000006s ]
INFO: [ app_init ] --END-- [ RunTime:0.000231s ]
INFO: [ app_begin ] --START--
INFO: Run Behavior\ReadHtmlCacheBehavior [ RunTime:0.000307s ]
INFO: [ app_begin ] --END-- [ RunTime:0.000329s ]
SQL: SHOW COLUMNS FROM `ps_file_administration` [ RunTime:0.0020s ]
SQL: INSERT INTO `ps_file_administration` (`ps_file_name`,`ps_file_route`,`ps_file_type`) VALUES ('7.jpg','15124599707.jpg','4') [ RunTime:0.0614s ]
SQL: INSERT INTO `ps_file_administration` (`ps_file_name`,`ps_file_route`,`ps_file_type`) VALUES ('16.jpg','151245997016.jpg','4') [ RunTime:0.0164s ]
SQL: INSERT INTO `ps_file_administration` (`ps_file_name`,`ps_file_route`,`ps_file_type`) VALUES ('18.jpg','151245997018.jpg','4') [ RunTime:0.0307s ]
SQL: INSERT INTO `ps_file_administration` (`ps_file_name`,`ps_file_route`,`ps_file_type`) VALUES ('19.jpg','151245997019.jpg','4') [ RunTime:0.0749s ]
SQL: INSERT INTO `ps_file_administration` (`ps_file_name`,`ps_file_route`,`ps_file_type`) VALUES ('20.jpg','151245997020.jpg','4') [ RunTime:0.0332s ]
SQL: INSERT INTO `ps_file_administration` (`ps_file_name`,`ps_file_route`,`ps_file_type`) VALUES ('22.jpg','151245997022.jpg','4') [ RunTime:0.0169s ]
SQL: INSERT INTO `ps_file_administration` (`ps_file_name`,`ps_file_route`,`ps_file_type`) VALUES ('24.jpg','151245997024.jpg','4') [ RunTime:0.0163s ]
SQL: INSERT INTO `ps_file_administration` (`ps_file_name`,`ps_file_route`,`ps_file_type`) VALUES ('25.jpg','151245997025.jpg','4') [ RunTime:0.0169s ]
SQL: INSERT INTO `ps_file_administration` (`ps_file_name`,`ps_file_route`,`ps_file_type`) VALUES ('26.jpg','151245997026.jpg','4') [ RunTime:0.0162s ]

[ 2017-12-05T15:46:12+08:00 ] ::1 /image_system/home/index/ajaxchuli?type=5
INFO: [ app_init ] --START--
INFO: Run Behavior\BuildLiteBehavior [ RunTime:0.000015s ]
INFO: [ app_init ] --END-- [ RunTime:0.000323s ]
INFO: [ app_begin ] --START--
INFO: Run Behavior\ReadHtmlCacheBehavior [ RunTime:0.000335s ]
INFO: [ app_begin ] --END-- [ RunTime:0.000358s ]
SQL: SHOW COLUMNS FROM `ps_file_administration` [ RunTime:0.0025s ]
SQL: SELECT * FROM `ps_file_administration` ORDER BY ps_file_id desc  [ RunTime:0.0003s ]

