[ 2017-11-09T08:03:24+08:00 ] ::1 /images_stram/index.php
INFO: [ app_init ] --START--
INFO: Run Behavior\BuildLiteBehavior [ RunTime:0.000012s ]
INFO: [ app_init ] --END-- [ RunTime:0.000517s ]
INFO: [ app_begin ] --START--
INFO: Run Behavior\ReadHtmlCacheBehavior [ RunTime:0.000543s ]
INFO: [ app_begin ] --END-- [ RunTime:0.000575s ]
SQL: SHOW COLUMNS FROM `ps_file_administration` [ RunTime:0.0039s ]
SQL: SELECT * FROM `ps_file_administration` WHERE ( 1=1 ) ORDER BY ps_file_id desc  [ RunTime:0.0010s ]
INFO: [ view_parse ] --START--
INFO: [ template_filter ] --START--
INFO: Run Behavior\ContentReplaceBehavior [ RunTime:0.000034s ]
INFO: [ template_filter ] --END-- [ RunTime:0.000062s ]
NOTIC: [8] Undefined variable: vo E:\xampp\htdocs\images_stram\Application\Runtime\Cache\Home\2a94b8bda04ff446dcedd42276fc99ee.php 第 52 行.
NOTIC: [8] Undefined variable: vo E:\xampp\htdocs\images_stram\Application\Runtime\Cache\Home\2a94b8bda04ff446dcedd42276fc99ee.php 第 52 行.
INFO: Run Behavior\ParseTemplateBehavior [ RunTime:0.006928s ]
INFO: [ view_parse ] --END-- [ RunTime:0.006966s ]
INFO: [ view_filter ] --START--
INFO: Run Behavior\WriteHtmlCacheBehavior [ RunTime:0.000301s ]
INFO: [ view_filter ] --END-- [ RunTime:0.000319s ]
INFO: [ app_end ] --START--
INFO: Run Behavior\ShowPageTraceBehavior [ RunTime:0.000566s ]
INFO: [ app_end ] --END-- [ RunTime:0.000594s ]

[ 2017-11-09T08:03:25+08:00 ] ::1 /images_stram/home/index/ajaxchuli?type=5
INFO: [ app_init ] --START--
INFO: Run Behavior\BuildLiteBehavior [ RunTime:0.000026s ]
INFO: [ app_init ] --END-- [ RunTime:0.000500s ]
INFO: [ app_begin ] --START--
INFO: Run Behavior\ReadHtmlCacheBehavior [ RunTime:0.000756s ]
INFO: [ app_begin ] --END-- [ RunTime:0.000797s ]
SQL: SHOW COLUMNS FROM `ps_file_administration` [ RunTime:0.0029s ]
SQL: SELECT * FROM `ps_file_administration` ORDER BY ps_file_id desc  [ RunTime:0.0003s ]

[ 2017-11-09T08:03:48+08:00 ] ::1 /images_stram/home/index/insert
INFO: [ app_init ] --START--
INFO: Run Behavior\BuildLiteBehavior [ RunTime:0.000006s ]
INFO: [ app_init ] --END-- [ RunTime:0.000298s ]
INFO: [ app_begin ] --START--
INFO: Run Behavior\ReadHtmlCacheBehavior [ RunTime:0.000458s ]
INFO: [ app_begin ] --END-- [ RunTime:0.000480s ]
SQL: SHOW COLUMNS FROM `ps_file_administration` [ RunTime:0.0027s ]
SQL: INSERT INTO `ps_file_administration` (`ps_file_name`,`ps_file_route`,`ps_file_type`) VALUES ('1.jpg','15101858201.jpg','1') [ RunTime:0.1302s ]
SQL: INSERT INTO `ps_file_administration` (`ps_file_name`,`ps_file_route`,`ps_file_type`) VALUES ('2.jpg','15101858202.jpg','1') [ RunTime:0.0409s ]
SQL: INSERT INTO `ps_file_administration` (`ps_file_name`,`ps_file_route`,`ps_file_type`) VALUES ('3.jpg','15101858203.jpg','1') [ RunTime:0.0417s ]
SQL: INSERT INTO `ps_file_administration` (`ps_file_name`,`ps_file_route`,`ps_file_type`) VALUES ('4.jpg','15101858204.jpg','1') [ RunTime:0.0332s ]
SQL: INSERT INTO `ps_file_administration` (`ps_file_name`,`ps_file_route`,`ps_file_type`) VALUES ('5.jpg','15101858205.jpg','1') [ RunTime:0.0159s ]
SQL: INSERT INTO `ps_file_administration` (`ps_file_name`,`ps_file_route`,`ps_file_type`) VALUES ('6.jpg','15101858206.jpg','1') [ RunTime:0.0429s ]
SQL: INSERT INTO `ps_file_administration` (`ps_file_name`,`ps_file_route`,`ps_file_type`) VALUES ('7.jpg','15101858207.jpg','1') [ RunTime:0.0492s ]
SQL: INSERT INTO `ps_file_administration` (`ps_file_name`,`ps_file_route`,`ps_file_type`) VALUES ('8.jpg','15101858208.jpg','1') [ RunTime:0.0665s ]
SQL: INSERT INTO `ps_file_administration` (`ps_file_name`,`ps_file_route`,`ps_file_type`) VALUES ('9.jpg','15101858209.jpg','1') [ RunTime:0.0330s ]
SQL: INSERT INTO `ps_file_administration` (`ps_file_name`,`ps_file_route`,`ps_file_type`) VALUES ('10.jpg','151018582010.jpg','1') [ RunTime:0.0492s ]
SQL: INSERT INTO `ps_file_administration` (`ps_file_name`,`ps_file_route`,`ps_file_type`) VALUES ('11.jpg','151018582011.jpg','1') [ RunTime:0.0159s ]
SQL: INSERT INTO `ps_file_administration` (`ps_file_name`,`ps_file_route`,`ps_file_type`) VALUES ('12.jpg','151018582012.jpg','1') [ RunTime:0.0507s ]
SQL: INSERT INTO `ps_file_administration` (`ps_file_name`,`ps_file_route`,`ps_file_type`) VALUES ('13.jpg','151018582013.jpg','1') [ RunTime:0.0413s ]
SQL: INSERT INTO `ps_file_administration` (`ps_file_name`,`ps_file_route`,`ps_file_type`) VALUES ('14.jpg','151018582014.jpg','1') [ RunTime:0.0159s ]
SQL: INSERT INTO `ps_file_administration` (`ps_file_name`,`ps_file_route`,`ps_file_type`) VALUES ('15.jpg','151018582015.jpg','1') [ RunTime:0.0159s ]
SQL: INSERT INTO `ps_file_administration` (`ps_file_name`,`ps_file_route`,`ps_file_type`) VALUES ('16.jpg','151018582016.jpg','1') [ RunTime:0.0166s ]
SQL: INSERT INTO `ps_file_administration` (`ps_file_name`,`ps_file_route`,`ps_file_type`) VALUES ('17.jpg','151018582017.jpg','1') [ RunTime:0.0160s ]
SQL: INSERT INTO `ps_file_administration` (`ps_file_name`,`ps_file_route`,`ps_file_type`) VALUES ('18.jpg','151018582018.jpg','1') [ RunTime:0.0171s ]
SQL: INSERT INTO `ps_file_administration` (`ps_file_name`,`ps_file_route`,`ps_file_type`) VALUES ('19.jpg','151018582019.jpg','1') [ RunTime:0.0160s ]
SQL: INSERT INTO `ps_file_administration` (`ps_file_name`,`ps_file_route`,`ps_file_type`) VALUES ('20.jpg','151018582020.jpg','1') [ RunTime:0.0164s ]

[ 2017-11-09T08:03:48+08:00 ] ::1 /images_stram/home/index/ajaxchuli?type=5
INFO: [ app_init ] --START--
INFO: Run Behavior\BuildLiteBehavior [ RunTime:0.000012s ]
INFO: [ app_init ] --END-- [ RunTime:0.000464s ]
INFO: [ app_begin ] --START--
INFO: Run Behavior\ReadHtmlCacheBehavior [ RunTime:0.000584s ]
INFO: [ app_begin ] --END-- [ RunTime:0.000624s ]
SQL: SHOW COLUMNS FROM `ps_file_administration` [ RunTime:0.0045s ]
SQL: SELECT * FROM `ps_file_administration` ORDER BY ps_file_id desc  [ RunTime:0.0006s ]

[ 2017-11-09T08:16:37+08:00 ] ::1 /images_stram/index.php
INFO: [ app_init ] --START--
INFO: Run Behavior\BuildLiteBehavior [ RunTime:0.000038s ]
INFO: [ app_init ] --END-- [ RunTime:0.000762s ]
INFO: [ app_begin ] --START--
INFO: Run Behavior\ReadHtmlCacheBehavior [ RunTime:0.000661s ]
INFO: [ app_begin ] --END-- [ RunTime:0.000688s ]
SQL: SHOW COLUMNS FROM `ps_file_administration` [ RunTime:0.0674s ]
SQL: SELECT * FROM `ps_file_administration` WHERE ( 1=1 ) ORDER BY ps_file_id desc  [ RunTime:0.0011s ]
INFO: [ view_parse ] --START--
INFO: [ template_filter ] --START--
INFO: Run Behavior\ContentReplaceBehavior [ RunTime:0.000101s ]
INFO: [ template_filter ] --END-- [ RunTime:0.000172s ]
NOTIC: [8] Undefined variable: vo E:\xampp\htdocs\images_stram\Application\Runtime\Cache\Home\2a94b8bda04ff446dcedd42276fc99ee.php 第 52 行.
NOTIC: [8] Undefined variable: vo E:\xampp\htdocs\images_stram\Application\Runtime\Cache\Home\2a94b8bda04ff446dcedd42276fc99ee.php 第 52 行.
INFO: Run Behavior\ParseTemplateBehavior [ RunTime:0.015318s ]
INFO: [ view_parse ] --END-- [ RunTime:0.015397s ]
INFO: [ view_filter ] --START--
INFO: Run Behavior\WriteHtmlCacheBehavior [ RunTime:0.000940s ]
INFO: [ view_filter ] --END-- [ RunTime:0.001017s ]
INFO: [ app_end ] --START--
INFO: Run Behavior\ShowPageTraceBehavior [ RunTime:0.001470s ]
INFO: [ app_end ] --END-- [ RunTime:0.001532s ]

[ 2017-11-09T08:16:37+08:00 ] ::1 /images_stram/home/index/ajaxchuli?type=5
INFO: [ app_init ] --START--
INFO: Run Behavior\BuildLiteBehavior [ RunTime:0.000009s ]
INFO: [ app_init ] --END-- [ RunTime:0.000333s ]
INFO: [ app_begin ] --START--
INFO: Run Behavior\ReadHtmlCacheBehavior [ RunTime:0.000369s ]
INFO: [ app_begin ] --END-- [ RunTime:0.000394s ]
SQL: SHOW COLUMNS FROM `ps_file_administration` [ RunTime:0.0031s ]
SQL: SELECT * FROM `ps_file_administration` ORDER BY ps_file_id desc  [ RunTime:0.0005s ]

[ 2017-11-09T08:25:57+08:00 ] 172.30.254.214 /images_stram/index.php
INFO: [ app_init ] --START--
INFO: Run Behavior\BuildLiteBehavior [ RunTime:0.000027s ]
INFO: [ app_init ] --END-- [ RunTime:0.001251s ]
INFO: [ app_begin ] --START--
INFO: Run Behavior\ReadHtmlCacheBehavior [ RunTime:0.000756s ]
INFO: [ app_begin ] --END-- [ RunTime:0.000792s ]
SQL: SHOW COLUMNS FROM `ps_file_administration` [ RunTime:0.0037s ]
SQL: SELECT * FROM `ps_file_administration` WHERE ( 1=1 ) ORDER BY ps_file_id desc  [ RunTime:0.0005s ]
INFO: [ view_parse ] --START--
INFO: [ template_filter ] --START--
INFO: Run Behavior\ContentReplaceBehavior [ RunTime:0.000116s ]
INFO: [ template_filter ] --END-- [ RunTime:0.000197s ]
NOTIC: [8] Undefined variable: vo E:\xampp\htdocs\images_stram\Application\Runtime\Cache\Home\2a94b8bda04ff446dcedd42276fc99ee.php 第 52 行.
NOTIC: [8] Undefined variable: vo E:\xampp\htdocs\images_stram\Application\Runtime\Cache\Home\2a94b8bda04ff446dcedd42276fc99ee.php 第 52 行.
INFO: Run Behavior\ParseTemplateBehavior [ RunTime:0.014605s ]
INFO: [ view_parse ] --END-- [ RunTime:0.014664s ]
INFO: [ view_filter ] --START--
INFO: Run Behavior\WriteHtmlCacheBehavior [ RunTime:0.001073s ]
INFO: [ view_filter ] --END-- [ RunTime:0.001136s ]
INFO: [ app_end ] --START--
INFO: Run Behavior\ShowPageTraceBehavior [ RunTime:0.001658s ]
INFO: [ app_end ] --END-- [ RunTime:0.001726s ]

[ 2017-11-09T08:25:58+08:00 ] 172.30.254.214 /images_stram/home/index/ajaxchuli?type=5
INFO: [ app_init ] --START--
INFO: Run Behavior\BuildLiteBehavior [ RunTime:0.000012s ]
INFO: [ app_init ] --END-- [ RunTime:0.000499s ]
INFO: [ app_begin ] --START--
INFO: Run Behavior\ReadHtmlCacheBehavior [ RunTime:0.000642s ]
INFO: [ app_begin ] --END-- [ RunTime:0.000686s ]
SQL: SHOW COLUMNS FROM `ps_file_administration` [ RunTime:0.0044s ]
SQL: SELECT * FROM `ps_file_administration` ORDER BY ps_file_id desc  [ RunTime:0.0006s ]

[ 2017-11-09T08:27:57+08:00 ] 172.30.254.214 /images_stram/index.php
INFO: [ app_init ] --START--
INFO: Run Behavior\BuildLiteBehavior [ RunTime:0.000016s ]
INFO: [ app_init ] --END-- [ RunTime:0.001064s ]
INFO: [ app_begin ] --START--
INFO: Run Behavior\ReadHtmlCacheBehavior [ RunTime:0.000938s ]
INFO: [ app_begin ] --END-- [ RunTime:0.000996s ]
SQL: SHOW COLUMNS FROM `ps_file_administration` [ RunTime:0.0035s ]
SQL: SELECT * FROM `ps_file_administration` WHERE ( 1=1 ) ORDER BY ps_file_id desc  [ RunTime:0.0006s ]
INFO: [ view_parse ] --START--
INFO: [ template_filter ] --START--
INFO: Run Behavior\ContentReplaceBehavior [ RunTime:0.000051s ]
INFO: [ template_filter ] --END-- [ RunTime:0.000083s ]
NOTIC: [8] Undefined variable: vo E:\xampp\htdocs\images_stram\Application\Runtime\Cache\Home\2a94b8bda04ff446dcedd42276fc99ee.php 第 52 行.
NOTIC: [8] Undefined variable: vo E:\xampp\htdocs\images_stram\Application\Runtime\Cache\Home\2a94b8bda04ff446dcedd42276fc99ee.php 第 52 行.
INFO: Run Behavior\ParseTemplateBehavior [ RunTime:0.006152s ]
INFO: [ view_parse ] --END-- [ RunTime:0.006183s ]
INFO: [ view_filter ] --START--
INFO: Run Behavior\WriteHtmlCacheBehavior [ RunTime:0.000458s ]
INFO: [ view_filter ] --END-- [ RunTime:0.000484s ]
INFO: [ app_end ] --START--
INFO: Run Behavior\ShowPageTraceBehavior [ RunTime:0.000690s ]
INFO: [ app_end ] --END-- [ RunTime:0.000718s ]

[ 2017-11-09T08:27:57+08:00 ] 172.30.254.214 /images_stram/home/index/ajaxchuli?type=5
INFO: [ app_init ] --START--
INFO: Run Behavior\BuildLiteBehavior [ RunTime:0.000012s ]
INFO: [ app_init ] --END-- [ RunTime:0.000458s ]
INFO: [ app_begin ] --START--
INFO: Run Behavior\ReadHtmlCacheBehavior [ RunTime:0.000643s ]
INFO: [ app_begin ] --END-- [ RunTime:0.000684s ]
SQL: SHOW COLUMNS FROM `ps_file_administration` [ RunTime:0.0039s ]
SQL: SELECT * FROM `ps_file_administration` ORDER BY ps_file_id desc  [ RunTime:0.0006s ]

[ 2017-11-09T08:28:12+08:00 ] 172.30.254.214 /images_stram/index.php
INFO: [ app_init ] --START--
INFO: Run Behavior\BuildLiteBehavior [ RunTime:0.000012s ]
INFO: [ app_init ] --END-- [ RunTime:0.000501s ]
INFO: [ app_begin ] --START--
INFO: Run Behavior\ReadHtmlCacheBehavior [ RunTime:0.000778s ]
INFO: [ app_begin ] --END-- [ RunTime:0.000815s ]
SQL: SHOW COLUMNS FROM `ps_file_administration` [ RunTime:0.0035s ]
SQL: SELECT * FROM `ps_file_administration` WHERE ( 1=1 ) ORDER BY ps_file_id desc  [ RunTime:0.0005s ]
INFO: [ view_parse ] --START--
INFO: [ template_filter ] --START--
INFO: Run Behavior\ContentReplaceBehavior [ RunTime:0.000049s ]
INFO: [ template_filter ] --END-- [ RunTime:0.000082s ]
NOTIC: [8] Undefined variable: vo E:\xampp\htdocs\images_stram\Application\Runtime\Cache\Home\2a94b8bda04ff446dcedd42276fc99ee.php 第 52 行.
NOTIC: [8] Undefined variable: vo E:\xampp\htdocs\images_stram\Application\Runtime\Cache\Home\2a94b8bda04ff446dcedd42276fc99ee.php 第 52 行.
INFO: Run Behavior\ParseTemplateBehavior [ RunTime:0.006218s ]
INFO: [ view_parse ] --END-- [ RunTime:0.006251s ]
INFO: [ view_filter ] --START--
INFO: Run Behavior\WriteHtmlCacheBehavior [ RunTime:0.000470s ]
INFO: [ view_filter ] --END-- [ RunTime:0.000499s ]
INFO: [ app_end ] --START--
INFO: Run Behavior\ShowPageTraceBehavior [ RunTime:0.000730s ]
INFO: [ app_end ] --END-- [ RunTime:0.000760s ]

[ 2017-11-09T08:28:12+08:00 ] 172.30.254.214 /images_stram/home/index/ajaxchuli?type=5
INFO: [ app_init ] --START--
INFO: Run Behavior\BuildLiteBehavior [ RunTime:0.000010s ]
INFO: [ app_init ] --END-- [ RunTime:0.000623s ]
INFO: [ app_begin ] --START--
INFO: Run Behavior\ReadHtmlCacheBehavior [ RunTime:0.000509s ]
INFO: [ app_begin ] --END-- [ RunTime:0.000543s ]
SQL: SHOW COLUMNS FROM `ps_file_administration` [ RunTime:0.0040s ]
SQL: SELECT * FROM `ps_file_administration` ORDER BY ps_file_id desc  [ RunTime:0.0005s ]

[ 2017-11-09T08:29:24+08:00 ] ::1 /images_stram/index.php
INFO: [ app_init ] --START--
INFO: Run Behavior\BuildLiteBehavior [ RunTime:0.000017s ]
INFO: [ app_init ] --END-- [ RunTime:0.000376s ]
INFO: [ app_begin ] --START--
INFO: Run Behavior\ReadHtmlCacheBehavior [ RunTime:0.000470s ]
INFO: [ app_begin ] --END-- [ RunTime:0.000496s ]
SQL: SHOW COLUMNS FROM `ps_file_administration` [ RunTime:0.0061s ]
SQL: SELECT * FROM `ps_file_administration` WHERE ( 1=1 ) ORDER BY ps_file_id desc  [ RunTime:0.0008s ]
INFO: [ view_parse ] --START--
INFO: [ template_filter ] --START--
INFO: Run Behavior\ContentReplaceBehavior [ RunTime:0.000062s ]
INFO: [ template_filter ] --END-- [ RunTime:0.000119s ]
NOTIC: [8] Undefined variable: vo E:\xampp\htdocs\images_stram\Application\Runtime\Cache\Home\2a94b8bda04ff446dcedd42276fc99ee.php 第 52 行.
NOTIC: [8] Undefined variable: vo E:\xampp\htdocs\images_stram\Application\Runtime\Cache\Home\2a94b8bda04ff446dcedd42276fc99ee.php 第 52 行.
INFO: Run Behavior\ParseTemplateBehavior [ RunTime:0.005066s ]
INFO: [ view_parse ] --END-- [ RunTime:0.005098s ]
INFO: [ view_filter ] --START--
INFO: Run Behavior\WriteHtmlCacheBehavior [ RunTime:0.000307s ]
INFO: [ view_filter ] --END-- [ RunTime:0.000327s ]
INFO: [ app_end ] --START--
INFO: Run Behavior\ShowPageTraceBehavior [ RunTime:0.000385s ]
INFO: [ app_end ] --END-- [ RunTime:0.000404s ]

[ 2017-11-09T08:29:24+08:00 ] ::1 /images_stram/home/index/ajaxchuli?type=5
INFO: [ app_init ] --START--
INFO: Run Behavior\BuildLiteBehavior [ RunTime:0.000010s ]
INFO: [ app_init ] --END-- [ RunTime:0.000340s ]
INFO: [ app_begin ] --START--
INFO: Run Behavior\ReadHtmlCacheBehavior [ RunTime:0.000425s ]
INFO: [ app_begin ] --END-- [ RunTime:0.000455s ]
SQL: SHOW COLUMNS FROM `ps_file_administration` [ RunTime:0.0083s ]
SQL: SELECT * FROM `ps_file_administration` ORDER BY ps_file_id desc  [ RunTime:0.0009s ]

[ 2017-11-09T08:30:32+08:00 ] ::1 /images_stram/home/index/delete?id=20
INFO: [ app_init ] --START--
INFO: Run Behavior\BuildLiteBehavior [ RunTime:0.000013s ]
INFO: [ app_init ] --END-- [ RunTime:0.000551s ]
INFO: [ app_begin ] --START--
INFO: Run Behavior\ReadHtmlCacheBehavior [ RunTime:0.000846s ]
INFO: [ app_begin ] --END-- [ RunTime:0.000889s ]
SQL: SHOW COLUMNS FROM `ps_file_administration` [ RunTime:0.0038s ]
SQL: DELETE FROM `ps_file_administration` WHERE `ps_file_id` = 20 [ RunTime:0.0465s ]

[ 2017-11-09T08:30:32+08:00 ] ::1 /images_stram/home/index/ajaxchuli?type=5
INFO: [ app_init ] --START--
INFO: Run Behavior\BuildLiteBehavior [ RunTime:0.000013s ]
INFO: [ app_init ] --END-- [ RunTime:0.000523s ]
INFO: [ app_begin ] --START--
INFO: Run Behavior\ReadHtmlCacheBehavior [ RunTime:0.000689s ]
INFO: [ app_begin ] --END-- [ RunTime:0.000737s ]
SQL: SHOW COLUMNS FROM `ps_file_administration` [ RunTime:0.0116s ]
SQL: SELECT * FROM `ps_file_administration` ORDER BY ps_file_id desc  [ RunTime:0.0004s ]

[ 2017-11-09T08:31:11+08:00 ] ::1 /images_stram/home/index/insert
INFO: [ app_init ] --START--
INFO: Run Behavior\BuildLiteBehavior [ RunTime:0.000006s ]
INFO: [ app_init ] --END-- [ RunTime:0.000233s ]
INFO: [ app_begin ] --START--
INFO: Run Behavior\ReadHtmlCacheBehavior [ RunTime:0.000330s ]
INFO: [ app_begin ] --END-- [ RunTime:0.000351s ]
SQL: SHOW COLUMNS FROM `ps_file_administration` [ RunTime:0.0025s ]
SQL: INSERT INTO `ps_file_administration` (`ps_file_name`,`ps_file_route`,`ps_file_type`) VALUES ('1.jpg','15101874691.jpg','4') [ RunTime:0.0463s ]
SQL: INSERT INTO `ps_file_administration` (`ps_file_name`,`ps_file_route`,`ps_file_type`) VALUES ('2.jpg','15101874692.jpg','4') [ RunTime:0.0331s ]
SQL: INSERT INTO `ps_file_administration` (`ps_file_name`,`ps_file_route`,`ps_file_type`) VALUES ('3.jpg','15101874693.jpg','4') [ RunTime:0.0153s ]
SQL: INSERT INTO `ps_file_administration` (`ps_file_name`,`ps_file_route`,`ps_file_type`) VALUES ('4.jpg','15101874694.jpg','4') [ RunTime:0.0414s ]
SQL: INSERT INTO `ps_file_administration` (`ps_file_name`,`ps_file_route`,`ps_file_type`) VALUES ('5.jpg','15101874695.jpg','4') [ RunTime:0.0330s ]
SQL: INSERT INTO `ps_file_administration` (`ps_file_name`,`ps_file_route`,`ps_file_type`) VALUES ('6.jpg','15101874696.jpg','4') [ RunTime:0.0168s ]
SQL: INSERT INTO `ps_file_administration` (`ps_file_name`,`ps_file_route`,`ps_file_type`) VALUES ('7.jpg','15101874697.jpg','4') [ RunTime:0.0159s ]
SQL: INSERT INTO `ps_file_administration` (`ps_file_name`,`ps_file_route`,`ps_file_type`) VALUES ('8.jpg','15101874698.jpg','4') [ RunTime:0.0168s ]
SQL: INSERT INTO `ps_file_administration` (`ps_file_name`,`ps_file_route`,`ps_file_type`) VALUES ('9.jpg','15101874699.jpg','4') [ RunTime:0.0328s ]
SQL: INSERT INTO `ps_file_administration` (`ps_file_name`,`ps_file_route`,`ps_file_type`) VALUES ('10.jpg','151018746910.jpg','4') [ RunTime:0.0338s ]
SQL: INSERT INTO `ps_file_administration` (`ps_file_name`,`ps_file_route`,`ps_file_type`) VALUES ('11.jpg','151018746911.jpg','4') [ RunTime:0.0154s ]
SQL: INSERT INTO `ps_file_administration` (`ps_file_name`,`ps_file_route`,`ps_file_type`) VALUES ('12.jpg','151018746912.jpg','4') [ RunTime:0.0340s ]
SQL: INSERT INTO `ps_file_administration` (`ps_file_name`,`ps_file_route`,`ps_file_type`) VALUES ('13.jpg','151018746913.jpg','4') [ RunTime:0.0153s ]
SQL: INSERT INTO `ps_file_administration` (`ps_file_name`,`ps_file_route`,`ps_file_type`) VALUES ('14.jpg','151018746914.jpg','4') [ RunTime:0.0168s ]

[ 2017-11-09T08:31:11+08:00 ] ::1 /images_stram/home/index/ajaxchuli?type=5
INFO: [ app_init ] --START--
INFO: Run Behavior\BuildLiteBehavior [ RunTime:0.000014s ]
INFO: [ app_init ] --END-- [ RunTime:0.000657s ]
INFO: [ app_begin ] --START--
INFO: Run Behavior\ReadHtmlCacheBehavior [ RunTime:0.000777s ]
INFO: [ app_begin ] --END-- [ RunTime:0.000829s ]
SQL: SHOW COLUMNS FROM `ps_file_administration` [ RunTime:0.0036s ]
SQL: SELECT * FROM `ps_file_administration` ORDER BY ps_file_id desc  [ RunTime:0.0004s ]

[ 2017-11-09T08:31:21+08:00 ] ::1 /images_stram/home/index/ajaxchuli?type=4
INFO: [ app_init ] --START--
INFO: Run Behavior\BuildLiteBehavior [ RunTime:0.000021s ]
INFO: [ app_init ] --END-- [ RunTime:0.000841s ]
INFO: [ app_begin ] --START--
INFO: Run Behavior\ReadHtmlCacheBehavior [ RunTime:0.001370s ]
INFO: [ app_begin ] --END-- [ RunTime:0.001429s ]
SQL: SHOW COLUMNS FROM `ps_file_administration` [ RunTime:0.0031s ]
SQL: SELECT * FROM `ps_file_administration` WHERE `ps_file_type` = 4 ORDER BY ps_file_id desc  [ RunTime:0.0004s ]

[ 2017-11-09T08:31:28+08:00 ] ::1 /images_stram/home/index/ajaxchuli?type=5
INFO: [ app_init ] --START--
INFO: Run Behavior\BuildLiteBehavior [ RunTime:0.000011s ]
INFO: [ app_init ] --END-- [ RunTime:0.000464s ]
INFO: [ app_begin ] --START--
INFO: Run Behavior\ReadHtmlCacheBehavior [ RunTime:0.000503s ]
INFO: [ app_begin ] --END-- [ RunTime:0.000538s ]
SQL: SHOW COLUMNS FROM `ps_file_administration` [ RunTime:0.0031s ]
SQL: SELECT * FROM `ps_file_administration` ORDER BY ps_file_id desc  [ RunTime:0.0005s ]

[ 2017-11-09T08:31:30+08:00 ] ::1 /images_stram/home/index/ajaxchuli?type=1
INFO: [ app_init ] --START--
INFO: Run Behavior\BuildLiteBehavior [ RunTime:0.000024s ]
INFO: [ app_init ] --END-- [ RunTime:0.001017s ]
INFO: [ app_begin ] --START--
INFO: Run Behavior\ReadHtmlCacheBehavior [ RunTime:0.001412s ]
INFO: [ app_begin ] --END-- [ RunTime:0.001507s ]
SQL: SHOW COLUMNS FROM `ps_file_administration` [ RunTime:0.0048s ]
SQL: SELECT * FROM `ps_file_administration` WHERE `ps_file_type` = 1 ORDER BY ps_file_id desc  [ RunTime:0.0007s ]

[ 2017-11-09T08:31:38+08:00 ] ::1 /images_stram/home/index/ajaxchuli?type=3
INFO: [ app_init ] --START--
INFO: Run Behavior\BuildLiteBehavior [ RunTime:0.000009s ]
INFO: [ app_init ] --END-- [ RunTime:0.000376s ]
INFO: [ app_begin ] --START--
INFO: Run Behavior\ReadHtmlCacheBehavior [ RunTime:0.000506s ]
INFO: [ app_begin ] --END-- [ RunTime:0.000540s ]
SQL: SHOW COLUMNS FROM `ps_file_administration` [ RunTime:0.0034s ]
SQL: SELECT * FROM `ps_file_administration` WHERE `ps_file_type` = 3 ORDER BY ps_file_id desc  [ RunTime:0.0004s ]

[ 2017-11-09T08:32:18+08:00 ] ::1 /images_stram/home/index/insert
INFO: [ app_init ] --START--
INFO: Run Behavior\BuildLiteBehavior [ RunTime:0.000008s ]
INFO: [ app_init ] --END-- [ RunTime:0.000316s ]
INFO: [ app_begin ] --START--
INFO: Run Behavior\ReadHtmlCacheBehavior [ RunTime:0.000417s ]
INFO: [ app_begin ] --END-- [ RunTime:0.000445s ]
SQL: SHOW COLUMNS FROM `ps_file_administration` [ RunTime:0.0029s ]
SQL: INSERT INTO `ps_file_administration` (`ps_file_name`,`ps_file_route`,`ps_file_type`) VALUES ('15.jpg','151018753615.jpg','3') [ RunTime:0.0926s ]
SQL: INSERT INTO `ps_file_administration` (`ps_file_name`,`ps_file_route`,`ps_file_type`) VALUES ('16.jpg','151018753616.jpg','3') [ RunTime:0.0151s ]
SQL: INSERT INTO `ps_file_administration` (`ps_file_name`,`ps_file_route`,`ps_file_type`) VALUES ('17.jpg','151018753617.jpg','3') [ RunTime:0.0168s ]
SQL: INSERT INTO `ps_file_administration` (`ps_file_name`,`ps_file_route`,`ps_file_type`) VALUES ('18.jpg','151018753618.jpg','3') [ RunTime:0.0158s ]
SQL: INSERT INTO `ps_file_administration` (`ps_file_name`,`ps_file_route`,`ps_file_type`) VALUES ('19.jpg','151018753619.jpg','3') [ RunTime:0.0167s ]
SQL: INSERT INTO `ps_file_administration` (`ps_file_name`,`ps_file_route`,`ps_file_type`) VALUES ('20.jpg','151018753620.jpg','3') [ RunTime:0.0753s ]
SQL: INSERT INTO `ps_file_administration` (`ps_file_name`,`ps_file_route`,`ps_file_type`) VALUES ('21.jpg','151018753621.jpg','3') [ RunTime:0.0497s ]
SQL: INSERT INTO `ps_file_administration` (`ps_file_name`,`ps_file_route`,`ps_file_type`) VALUES ('22.jpg','151018753622.jpg','3') [ RunTime:0.0154s ]
SQL: INSERT INTO `ps_file_administration` (`ps_file_name`,`ps_file_route`,`ps_file_type`) VALUES ('23.jpg','151018753623.jpg','3') [ RunTime:0.0167s ]
SQL: INSERT INTO `ps_file_administration` (`ps_file_name`,`ps_file_route`,`ps_file_type`) VALUES ('24.jpg','151018753624.jpg','3') [ RunTime:0.0159s ]
SQL: INSERT INTO `ps_file_administration` (`ps_file_name`,`ps_file_route`,`ps_file_type`) VALUES ('25.jpg','151018753625.jpg','3') [ RunTime:0.0421s ]
SQL: INSERT INTO `ps_file_administration` (`ps_file_name`,`ps_file_route`,`ps_file_type`) VALUES ('26.jpg','151018753626.jpg','3') [ RunTime:0.0417s ]
SQL: INSERT INTO `ps_file_administration` (`ps_file_name`,`ps_file_route`,`ps_file_type`) VALUES ('27.jpg','151018753627.jpg','3') [ RunTime:0.0159s ]
SQL: INSERT INTO `ps_file_administration` (`ps_file_name`,`ps_file_route`,`ps_file_type`) VALUES ('28.jpg','151018753628.jpg','3') [ RunTime:0.0159s ]

[ 2017-11-09T08:32:18+08:00 ] ::1 /images_stram/home/index/ajaxchuli?type=5
INFO: [ app_init ] --START--
INFO: Run Behavior\BuildLiteBehavior [ RunTime:0.000040s ]
INFO: [ app_init ] --END-- [ RunTime:0.000922s ]
INFO: [ app_begin ] --START--
INFO: Run Behavior\ReadHtmlCacheBehavior [ RunTime:0.000917s ]
INFO: [ app_begin ] --END-- [ RunTime:0.000998s ]
SQL: SHOW COLUMNS FROM `ps_file_administration` [ RunTime:0.0101s ]
SQL: SELECT * FROM `ps_file_administration` ORDER BY ps_file_id desc  [ RunTime:0.0004s ]

[ 2017-11-09T08:32:26+08:00 ] ::1 /images_stram/home/index/ajaxchuli?type=3
INFO: [ app_init ] --START--
INFO: Run Behavior\BuildLiteBehavior [ RunTime:0.000019s ]
INFO: [ app_init ] --END-- [ RunTime:0.000631s ]
INFO: [ app_begin ] --START--
INFO: Run Behavior\ReadHtmlCacheBehavior [ RunTime:0.001015s ]
INFO: [ app_begin ] --END-- [ RunTime:0.001082s ]
SQL: SHOW COLUMNS FROM `ps_file_administration` [ RunTime:0.0037s ]
SQL: SELECT * FROM `ps_file_administration` WHERE `ps_file_type` = 3 ORDER BY ps_file_id desc  [ RunTime:0.0440s ]

[ 2017-11-09T08:32:40+08:00 ] ::1 /images_stram/home/index/delete?id=48
INFO: [ app_init ] --START--
INFO: Run Behavior\BuildLiteBehavior [ RunTime:0.000014s ]
INFO: [ app_init ] --END-- [ RunTime:0.000478s ]
INFO: [ app_begin ] --START--
INFO: Run Behavior\ReadHtmlCacheBehavior [ RunTime:0.000533s ]
INFO: [ app_begin ] --END-- [ RunTime:0.000574s ]
SQL: SHOW COLUMNS FROM `ps_file_administration` [ RunTime:0.0033s ]
SQL: DELETE FROM `ps_file_administration` WHERE `ps_file_id` = 48 [ RunTime:0.0626s ]

[ 2017-11-09T08:32:40+08:00 ] ::1 /images_stram/home/index/ajaxchuli?type=5
INFO: [ app_init ] --START--
INFO: Run Behavior\BuildLiteBehavior [ RunTime:0.000067s ]
INFO: [ app_init ] --END-- [ RunTime:0.001023s ]
INFO: [ app_begin ] --START--
INFO: Run Behavior\ReadHtmlCacheBehavior [ RunTime:0.000635s ]
INFO: [ app_begin ] --END-- [ RunTime:0.000684s ]
SQL: SHOW COLUMNS FROM `ps_file_administration` [ RunTime:0.0094s ]
SQL: SELECT * FROM `ps_file_administration` ORDER BY ps_file_id desc  [ RunTime:0.0007s ]

[ 2017-11-09T09:26:06+08:00 ] ::1 /images_stram/index.php
INFO: [ app_init ] --START--
INFO: Run Behavior\BuildLiteBehavior [ RunTime:0.000010s ]
INFO: [ app_init ] --END-- [ RunTime:0.000404s ]
INFO: [ app_begin ] --START--
INFO: Run Behavior\ReadHtmlCacheBehavior [ RunTime:0.000635s ]
INFO: [ app_begin ] --END-- [ RunTime:0.000665s ]
SQL: SHOW COLUMNS FROM `ps_file_administration` [ RunTime:0.0449s ]
SQL: SELECT * FROM `ps_file_administration` WHERE ( 1=1 ) ORDER BY ps_file_id desc  [ RunTime:0.0004s ]
INFO: [ view_parse ] --START--
INFO: [ template_filter ] --START--
INFO: Run Behavior\ContentReplaceBehavior [ RunTime:0.000112s ]
INFO: [ template_filter ] --END-- [ RunTime:0.000204s ]
NOTIC: [8] Undefined variable: vo E:\xampp\htdocs\images_stram\Application\Runtime\Cache\Home\2a94b8bda04ff446dcedd42276fc99ee.php 第 52 行.
NOTIC: [8] Undefined variable: vo E:\xampp\htdocs\images_stram\Application\Runtime\Cache\Home\2a94b8bda04ff446dcedd42276fc99ee.php 第 52 行.
INFO: Run Behavior\ParseTemplateBehavior [ RunTime:0.014181s ]
INFO: [ view_parse ] --END-- [ RunTime:0.014253s ]
INFO: [ view_filter ] --START--
INFO: Run Behavior\WriteHtmlCacheBehavior [ RunTime:0.001028s ]
INFO: [ view_filter ] --END-- [ RunTime:0.001090s ]
INFO: [ app_end ] --START--
INFO: Run Behavior\ShowPageTraceBehavior [ RunTime:0.001607s ]
INFO: [ app_end ] --END-- [ RunTime:0.001677s ]

[ 2017-11-09T09:26:06+08:00 ] ::1 /images_stram/home/index/ajaxchuli?type=5
INFO: [ app_init ] --START--
INFO: Run Behavior\BuildLiteBehavior [ RunTime:0.000038s ]
INFO: [ app_init ] --END-- [ RunTime:0.000465s ]
INFO: [ app_begin ] --START--
INFO: Run Behavior\ReadHtmlCacheBehavior [ RunTime:0.000497s ]
INFO: [ app_begin ] --END-- [ RunTime:0.000534s ]
SQL: SHOW COLUMNS FROM `ps_file_administration` [ RunTime:0.0028s ]
SQL: SELECT * FROM `ps_file_administration` ORDER BY ps_file_id desc  [ RunTime:0.0002s ]

[ 2017-11-09T09:26:08+08:00 ] ::1 /images_stram/index.php
INFO: [ app_init ] --START--
INFO: Run Behavior\BuildLiteBehavior [ RunTime:0.000009s ]
INFO: [ app_init ] --END-- [ RunTime:0.000330s ]
INFO: [ app_begin ] --START--
INFO: Run Behavior\ReadHtmlCacheBehavior [ RunTime:0.000425s ]
INFO: [ app_begin ] --END-- [ RunTime:0.000454s ]
SQL: SHOW COLUMNS FROM `ps_file_administration` [ RunTime:0.0044s ]
SQL: SELECT * FROM `ps_file_administration` WHERE ( 1=1 ) ORDER BY ps_file_id desc  [ RunTime:0.0004s ]
INFO: [ view_parse ] --START--
INFO: [ template_filter ] --START--
INFO: Run Behavior\ContentReplaceBehavior [ RunTime:0.000032s ]
INFO: [ template_filter ] --END-- [ RunTime:0.000052s ]
NOTIC: [8] Undefined variable: vo E:\xampp\htdocs\images_stram\Application\Runtime\Cache\Home\2a94b8bda04ff446dcedd42276fc99ee.php 第 52 行.
NOTIC: [8] Undefined variable: vo E:\xampp\htdocs\images_stram\Application\Runtime\Cache\Home\2a94b8bda04ff446dcedd42276fc99ee.php 第 52 行.
INFO: Run Behavior\ParseTemplateBehavior [ RunTime:0.003662s ]
INFO: [ view_parse ] --END-- [ RunTime:0.003683s ]
INFO: [ view_filter ] --START--
INFO: Run Behavior\WriteHtmlCacheBehavior [ RunTime:0.000224s ]
INFO: [ view_filter ] --END-- [ RunTime:0.000243s ]
INFO: [ app_end ] --START--
INFO: Run Behavior\ShowPageTraceBehavior [ RunTime:0.000358s ]
INFO: [ app_end ] --END-- [ RunTime:0.000377s ]

[ 2017-11-09T09:26:08+08:00 ] ::1 /images_stram/home/index/ajaxchuli?type=5
INFO: [ app_init ] --START--
INFO: Run Behavior\BuildLiteBehavior [ RunTime:0.000008s ]
INFO: [ app_init ] --END-- [ RunTime:0.000251s ]
INFO: [ app_begin ] --START--
INFO: Run Behavior\ReadHtmlCacheBehavior [ RunTime:0.000324s ]
INFO: [ app_begin ] --END-- [ RunTime:0.000348s ]
SQL: SHOW COLUMNS FROM `ps_file_administration` [ RunTime:0.0030s ]
SQL: SELECT * FROM `ps_file_administration` ORDER BY ps_file_id desc  [ RunTime:0.0003s ]

[ 2017-11-09T09:26:26+08:00 ] ::1 /images_stram/home/index/insert
INFO: [ app_init ] --START--
INFO: Run Behavior\BuildLiteBehavior [ RunTime:0.000007s ]
INFO: [ app_init ] --END-- [ RunTime:0.000294s ]
INFO: [ app_begin ] --START--
INFO: Run Behavior\ReadHtmlCacheBehavior [ RunTime:0.000581s ]
INFO: [ app_begin ] --END-- [ RunTime:0.000604s ]
SQL: SHOW COLUMNS FROM `ps_file_administration` [ RunTime:0.0029s ]
SQL: INSERT INTO `ps_file_administration` (`ps_file_name`,`ps_file_route`,`ps_file_type`) VALUES ('1.jpg','15101907831.jpg','1') [ RunTime:0.0734s ]
SQL: INSERT INTO `ps_file_administration` (`ps_file_name`,`ps_file_route`,`ps_file_type`) VALUES ('2.jpg','15101907832.jpg','1') [ RunTime:0.0489s ]
SQL: INSERT INTO `ps_file_administration` (`ps_file_name`,`ps_file_route`,`ps_file_type`) VALUES ('3.jpg','15101907833.jpg','1') [ RunTime:0.0914s ]
SQL: INSERT INTO `ps_file_administration` (`ps_file_name`,`ps_file_route`,`ps_file_type`) VALUES ('4.jpg','15101907834.jpg','1') [ RunTime:0.0497s ]
SQL: INSERT INTO `ps_file_administration` (`ps_file_name`,`ps_file_route`,`ps_file_type`) VALUES ('5.jpg','15101907835.jpg','1') [ RunTime:0.0588s ]
SQL: INSERT INTO `ps_file_administration` (`ps_file_name`,`ps_file_route`,`ps_file_type`) VALUES ('6.jpg','15101907836.jpg','1') [ RunTime:0.0496s ]
SQL: INSERT INTO `ps_file_administration` (`ps_file_name`,`ps_file_route`,`ps_file_type`) VALUES ('7.jpg','15101907837.jpg','1') [ RunTime:0.0331s ]
SQL: INSERT INTO `ps_file_administration` (`ps_file_name`,`ps_file_route`,`ps_file_type`) VALUES ('8.jpg','15101907838.jpg','1') [ RunTime:0.0579s ]
SQL: INSERT INTO `ps_file_administration` (`ps_file_name`,`ps_file_route`,`ps_file_type`) VALUES ('9.jpg','15101907839.jpg','1') [ RunTime:0.0152s ]
SQL: INSERT INTO `ps_file_administration` (`ps_file_name`,`ps_file_route`,`ps_file_type`) VALUES ('10.jpg','151019078310.jpg','1') [ RunTime:0.0167s ]
SQL: INSERT INTO `ps_file_administration` (`ps_file_name`,`ps_file_route`,`ps_file_type`) VALUES ('11.jpg','151019078311.jpg','1') [ RunTime:0.0162s ]
SQL: INSERT INTO `ps_file_administration` (`ps_file_name`,`ps_file_route`,`ps_file_type`) VALUES ('12.jpg','151019078312.jpg','1') [ RunTime:0.0168s ]
SQL: INSERT INTO `ps_file_administration` (`ps_file_name`,`ps_file_route`,`ps_file_type`) VALUES ('13.jpg','151019078313.jpg','1') [ RunTime:0.0160s ]
SQL: INSERT INTO `ps_file_administration` (`ps_file_name`,`ps_file_route`,`ps_file_type`) VALUES ('14.jpg','151019078314.jpg','1') [ RunTime:0.0167s ]
SQL: INSERT INTO `ps_file_administration` (`ps_file_name`,`ps_file_route`,`ps_file_type`) VALUES ('15.jpg','151019078315.jpg','1') [ RunTime:0.0159s ]
SQL: INSERT INTO `ps_file_administration` (`ps_file_name`,`ps_file_route`,`ps_file_type`) VALUES ('16.jpg','151019078316.jpg','1') [ RunTime:0.0168s ]
SQL: INSERT INTO `ps_file_administration` (`ps_file_name`,`ps_file_route`,`ps_file_type`) VALUES ('17.jpg','151019078317.jpg','1') [ RunTime:0.0160s ]
SQL: INSERT INTO `ps_file_administration` (`ps_file_name`,`ps_file_route`,`ps_file_type`) VALUES ('18.jpg','151019078318.jpg','1') [ RunTime:0.0168s ]
SQL: INSERT INTO `ps_file_administration` (`ps_file_name`,`ps_file_route`,`ps_file_type`) VALUES ('19.jpg','151019078319.jpg','1') [ RunTime:0.0160s ]
SQL: INSERT INTO `ps_file_administration` (`ps_file_name`,`ps_file_route`,`ps_file_type`) VALUES ('20.jpg','151019078320.jpg','1') [ RunTime:0.0168s ]

[ 2017-11-09T09:26:26+08:00 ] ::1 /images_stram/home/index/ajaxchuli?type=5
INFO: [ app_init ] --START--
INFO: Run Behavior\BuildLiteBehavior [ RunTime:0.000013s ]
INFO: [ app_init ] --END-- [ RunTime:0.000500s ]
INFO: [ app_begin ] --START--
INFO: Run Behavior\ReadHtmlCacheBehavior [ RunTime:0.000677s ]
INFO: [ app_begin ] --END-- [ RunTime:0.000731s ]
SQL: SHOW COLUMNS FROM `ps_file_administration` [ RunTime:0.0035s ]
SQL: SELECT * FROM `ps_file_administration` ORDER BY ps_file_id desc  [ RunTime:0.0003s ]

[ 2017-11-09T09:26:59+08:00 ] ::1 /images_stram/index.php
INFO: [ app_init ] --START--
INFO: Run Behavior\BuildLiteBehavior [ RunTime:0.000011s ]
INFO: [ app_init ] --END-- [ RunTime:0.000415s ]
INFO: [ app_begin ] --START--
INFO: Run Behavior\ReadHtmlCacheBehavior [ RunTime:0.000598s ]
INFO: [ app_begin ] --END-- [ RunTime:0.000627s ]
SQL: SHOW COLUMNS FROM `ps_file_administration` [ RunTime:0.0030s ]
SQL: SELECT * FROM `ps_file_administration` WHERE ( 1=1 ) ORDER BY ps_file_id desc  [ RunTime:0.0004s ]
INFO: [ view_parse ] --START--
INFO: [ template_filter ] --START--
INFO: Run Behavior\ContentReplaceBehavior [ RunTime:0.000037s ]
INFO: [ template_filter ] --END-- [ RunTime:0.000062s ]
NOTIC: [8] Undefined variable: vo E:\xampp\htdocs\images_stram\Application\Runtime\Cache\Home\2a94b8bda04ff446dcedd42276fc99ee.php 第 52 行.
NOTIC: [8] Undefined variable: vo E:\xampp\htdocs\images_stram\Application\Runtime\Cache\Home\2a94b8bda04ff446dcedd42276fc99ee.php 第 52 行.
INFO: Run Behavior\ParseTemplateBehavior [ RunTime:0.004687s ]
INFO: [ view_parse ] --END-- [ RunTime:0.004710s ]
INFO: [ view_filter ] --START--
INFO: Run Behavior\WriteHtmlCacheBehavior [ RunTime:0.000326s ]
INFO: [ view_filter ] --END-- [ RunTime:0.000343s ]
INFO: [ app_end ] --START--
INFO: Run Behavior\ShowPageTraceBehavior [ RunTime:0.000489s ]
INFO: [ app_end ] --END-- [ RunTime:0.000507s ]

[ 2017-11-09T09:26:59+08:00 ] ::1 /images_stram/home/index/ajaxchuli?type=5
INFO: [ app_init ] --START--
INFO: Run Behavior\BuildLiteBehavior [ RunTime:0.000010s ]
INFO: [ app_init ] --END-- [ RunTime:0.000294s ]
INFO: [ app_begin ] --START--
INFO: Run Behavior\ReadHtmlCacheBehavior [ RunTime:0.000329s ]
INFO: [ app_begin ] --END-- [ RunTime:0.000353s ]
SQL: SHOW COLUMNS FROM `ps_file_administration` [ RunTime:0.0026s ]
SQL: SELECT * FROM `ps_file_administration` ORDER BY ps_file_id desc  [ RunTime:0.0003s ]

