[ 2017-11-21T16:01:07+08:00 ] ::1 /images_stram/index.php
INFO: [ app_init ] --START--
INFO: Run Behavior\BuildLiteBehavior [ RunTime:0.000014s ]
INFO: [ app_init ] --END-- [ RunTime:0.015234s ]
INFO: [ app_begin ] --START--
INFO: Run Behavior\ReadHtmlCacheBehavior [ RunTime:0.023661s ]
INFO: [ app_begin ] --END-- [ RunTime:0.023727s ]
SQL: SHOW COLUMNS FROM `ps_file_administration` [ RunTime:0.0577s ]
SQL: SELECT * FROM `ps_file_administration` WHERE ( 1=1 ) ORDER BY ps_file_id desc  [ RunTime:0.0007s ]
INFO: [ view_parse ] --START--
INFO: [ template_filter ] --START--
INFO: Run Behavior\ContentReplaceBehavior [ RunTime:0.000138s ]
INFO: [ template_filter ] --END-- [ RunTime:0.000251s ]
NOTIC: [8] Undefined variable: vo E:\xampp\htdocs\images_stram\Application\Runtime\Cache\Home\2a94b8bda04ff446dcedd42276fc99ee.php 第 52 行.
NOTIC: [8] Undefined variable: vo E:\xampp\htdocs\images_stram\Application\Runtime\Cache\Home\2a94b8bda04ff446dcedd42276fc99ee.php 第 52 行.
INFO: Run Behavior\ParseTemplateBehavior [ RunTime:0.096883s ]
INFO: [ view_parse ] --END-- [ RunTime:0.096980s ]
INFO: [ view_filter ] --START--
INFO: Run Behavior\WriteHtmlCacheBehavior [ RunTime:0.008533s ]
INFO: [ view_filter ] --END-- [ RunTime:0.008632s ]
INFO: [ app_end ] --START--
INFO: Run Behavior\ShowPageTraceBehavior [ RunTime:0.010581s ]
INFO: [ app_end ] --END-- [ RunTime:0.010645s ]

[ 2017-11-21T16:01:08+08:00 ] ::1 /images_stram/home/index/ajaxchuli?type=5
INFO: [ app_init ] --START--
INFO: Run Behavior\BuildLiteBehavior [ RunTime:0.000017s ]
INFO: [ app_init ] --END-- [ RunTime:0.000791s ]
INFO: [ app_begin ] --START--
INFO: Run Behavior\ReadHtmlCacheBehavior [ RunTime:0.001314s ]
INFO: [ app_begin ] --END-- [ RunTime:0.001380s ]
SQL: SHOW COLUMNS FROM `ps_file_administration` [ RunTime:0.0091s ]
SQL: SELECT * FROM `ps_file_administration` ORDER BY ps_file_id desc  [ RunTime:0.0008s ]

