[ 2018-02-24T15:04:01+08:00 ] ::1 /image_system/index.php
INFO: [ app_init ] --START--
INFO: Run Behavior\BuildLiteBehavior [ RunTime:0.000037s ]
INFO: [ app_init ] --END-- [ RunTime:0.002117s ]
INFO: [ app_begin ] --START--
INFO: Run Behavior\ReadHtmlCacheBehavior [ RunTime:0.013943s ]
INFO: [ app_begin ] --END-- [ RunTime:0.014057s ]
SQL: SHOW COLUMNS FROM `ps_file_administration` [ RunTime:0.0507s ]
SQL: SELECT * FROM `ps_file_administration` WHERE ( 1=1 ) ORDER BY ps_file_id desc  [ RunTime:0.0007s ]
INFO: [ view_parse ] --START--
INFO: [ template_filter ] --START--
INFO: Run Behavior\ContentReplaceBehavior [ RunTime:0.000513s ]
INFO: [ template_filter ] --END-- [ RunTime:0.000587s ]
NOTIC: [8] Undefined variable: vo E:\xampp\htdocs\image_system\Application\Runtime\Cache\Home\2a94b8bda04ff446dcedd42276fc99ee.php 第 52 行.
NOTIC: [8] Undefined variable: vo E:\xampp\htdocs\image_system\Application\Runtime\Cache\Home\2a94b8bda04ff446dcedd42276fc99ee.php 第 52 行.
INFO: Run Behavior\ParseTemplateBehavior [ RunTime:0.064781s ]
INFO: [ view_parse ] --END-- [ RunTime:0.064857s ]
INFO: [ view_filter ] --START--
INFO: Run Behavior\WriteHtmlCacheBehavior [ RunTime:0.010487s ]
INFO: [ view_filter ] --END-- [ RunTime:0.010554s ]
INFO: [ app_end ] --START--
INFO: Run Behavior\ShowPageTraceBehavior [ RunTime:0.011156s ]
INFO: [ app_end ] --END-- [ RunTime:0.011227s ]

[ 2018-02-24T15:04:01+08:00 ] ::1 /image_system/home/index/ajaxchuli?type=5
INFO: [ app_init ] --START--
INFO: Run Behavior\BuildLiteBehavior [ RunTime:0.000030s ]
INFO: [ app_init ] --END-- [ RunTime:0.001457s ]
INFO: [ app_begin ] --START--
INFO: Run Behavior\ReadHtmlCacheBehavior [ RunTime:0.001551s ]
INFO: [ app_begin ] --END-- [ RunTime:0.001626s ]
SQL: SHOW COLUMNS FROM `ps_file_administration` [ RunTime:0.0054s ]
SQL: SELECT * FROM `ps_file_administration` ORDER BY ps_file_id desc  [ RunTime:0.0005s ]

[ 2018-02-24T15:04:19+08:00 ] ::1 /image_system/home/index/ajaxchuli?type=2
INFO: [ app_init ] --START--
INFO: Run Behavior\BuildLiteBehavior [ RunTime:0.000013s ]
INFO: [ app_init ] --END-- [ RunTime:0.000579s ]
INFO: [ app_begin ] --START--
INFO: Run Behavior\ReadHtmlCacheBehavior [ RunTime:0.000759s ]
INFO: [ app_begin ] --END-- [ RunTime:0.000808s ]
SQL: SHOW COLUMNS FROM `ps_file_administration` [ RunTime:0.0045s ]
SQL: SELECT * FROM `ps_file_administration` WHERE `ps_file_type` = 2 ORDER BY ps_file_id desc  [ RunTime:0.0004s ]

[ 2018-02-24T15:04:22+08:00 ] ::1 /image_system/home/index/ajaxchuli?type=4
INFO: [ app_init ] --START--
INFO: Run Behavior\BuildLiteBehavior [ RunTime:0.000013s ]
INFO: [ app_init ] --END-- [ RunTime:0.000660s ]
INFO: [ app_begin ] --START--
INFO: Run Behavior\ReadHtmlCacheBehavior [ RunTime:0.000759s ]
INFO: [ app_begin ] --END-- [ RunTime:0.000808s ]
SQL: SHOW COLUMNS FROM `ps_file_administration` [ RunTime:0.0044s ]
SQL: SELECT * FROM `ps_file_administration` WHERE `ps_file_type` = 4 ORDER BY ps_file_id desc  [ RunTime:0.0005s ]

[ 2018-02-24T15:04:23+08:00 ] ::1 /image_system/home/index/ajaxchuli?type=3
INFO: [ app_init ] --START--
INFO: Run Behavior\BuildLiteBehavior [ RunTime:0.000013s ]
INFO: [ app_init ] --END-- [ RunTime:0.000585s ]
INFO: [ app_begin ] --START--
INFO: Run Behavior\ReadHtmlCacheBehavior [ RunTime:0.000768s ]
INFO: [ app_begin ] --END-- [ RunTime:0.000818s ]
SQL: SHOW COLUMNS FROM `ps_file_administration` [ RunTime:0.0375s ]
SQL: SELECT * FROM `ps_file_administration` WHERE `ps_file_type` = 3 ORDER BY ps_file_id desc  [ RunTime:0.0007s ]

[ 2018-02-24T15:04:53+08:00 ] ::1 /image_system/home/index/insert
INFO: [ app_init ] --START--
INFO: Run Behavior\BuildLiteBehavior [ RunTime:0.000014s ]
INFO: [ app_init ] --END-- [ RunTime:0.000610s ]
INFO: [ app_begin ] --START--
INFO: Run Behavior\ReadHtmlCacheBehavior [ RunTime:0.000779s ]
INFO: [ app_begin ] --END-- [ RunTime:0.000829s ]
SQL: SHOW COLUMNS FROM `ps_file_administration` [ RunTime:0.0046s ]
SQL: INSERT INTO `ps_file_administration` (`ps_file_name`,`ps_file_route`,`ps_file_type`) VALUES ('39760826_p0_master1200.jpg','151945589339760826_p0_master1200.jpg','3') [ RunTime:0.0549s ]

[ 2018-02-24T15:04:54+08:00 ] ::1 /image_system/home/index/ajaxchuli?type=5
INFO: [ app_init ] --START--
INFO: Run Behavior\BuildLiteBehavior [ RunTime:0.000015s ]
INFO: [ app_init ] --END-- [ RunTime:0.000682s ]
INFO: [ app_begin ] --START--
INFO: Run Behavior\ReadHtmlCacheBehavior [ RunTime:0.000794s ]
INFO: [ app_begin ] --END-- [ RunTime:0.000849s ]
SQL: SHOW COLUMNS FROM `ps_file_administration` [ RunTime:0.0253s ]
SQL: SELECT * FROM `ps_file_administration` ORDER BY ps_file_id desc  [ RunTime:0.0005s ]

[ 2018-02-24T15:04:57+08:00 ] ::1 /image_system/home/index/ajaxchuli?type=3
INFO: [ app_init ] --START--
INFO: Run Behavior\BuildLiteBehavior [ RunTime:0.000013s ]
INFO: [ app_init ] --END-- [ RunTime:0.000591s ]
INFO: [ app_begin ] --START--
INFO: Run Behavior\ReadHtmlCacheBehavior [ RunTime:0.000783s ]
INFO: [ app_begin ] --END-- [ RunTime:0.000833s ]
SQL: SHOW COLUMNS FROM `ps_file_administration` [ RunTime:0.0345s ]
SQL: SELECT * FROM `ps_file_administration` WHERE `ps_file_type` = 3 ORDER BY ps_file_id desc  [ RunTime:0.0004s ]

[ 2018-02-24T15:05:01+08:00 ] ::1 /image_system/home/index/ajaxchuli?type=5
INFO: [ app_init ] --START--
INFO: Run Behavior\BuildLiteBehavior [ RunTime:0.000014s ]
INFO: [ app_init ] --END-- [ RunTime:0.000591s ]
INFO: [ app_begin ] --START--
INFO: Run Behavior\ReadHtmlCacheBehavior [ RunTime:0.000756s ]
INFO: [ app_begin ] --END-- [ RunTime:0.000805s ]
SQL: SHOW COLUMNS FROM `ps_file_administration` [ RunTime:0.0045s ]
SQL: SELECT * FROM `ps_file_administration` ORDER BY ps_file_id desc  [ RunTime:0.0005s ]

[ 2018-02-24T15:05:07+08:00 ] ::1 /image_system/home/index/delete?id=17
INFO: [ app_init ] --START--
INFO: Run Behavior\BuildLiteBehavior [ RunTime:0.000014s ]
INFO: [ app_init ] --END-- [ RunTime:0.000594s ]
INFO: [ app_begin ] --START--
INFO: Run Behavior\ReadHtmlCacheBehavior [ RunTime:0.000758s ]
INFO: [ app_begin ] --END-- [ RunTime:0.000807s ]
SQL: SHOW COLUMNS FROM `ps_file_administration` [ RunTime:0.0047s ]
SQL: DELETE FROM `ps_file_administration` WHERE `ps_file_id` = 17 [ RunTime:0.0634s ]

[ 2018-02-24T15:05:07+08:00 ] ::1 /image_system/home/index/ajaxchuli?type=5
INFO: [ app_init ] --START--
INFO: Run Behavior\BuildLiteBehavior [ RunTime:0.000025s ]
INFO: [ app_init ] --END-- [ RunTime:0.001498s ]
INFO: [ app_begin ] --START--
INFO: Run Behavior\ReadHtmlCacheBehavior [ RunTime:0.001483s ]
INFO: [ app_begin ] --END-- [ RunTime:0.001606s ]
SQL: SHOW COLUMNS FROM `ps_file_administration` [ RunTime:0.0088s ]
SQL: SELECT * FROM `ps_file_administration` ORDER BY ps_file_id desc  [ RunTime:0.0009s ]

