[ 2017-10-31T13:39:30+08:00 ] ::1 /images_stram/imgs/1.jpg
INFO: [ app_init ] --START--
INFO: Run Behavior\BuildLiteBehavior [ RunTime:0.000000s ]
INFO: [ app_init ] --END-- [ RunTime:0.001001s ]
ERR: 无法加载模块:Imgs

[ 2017-10-31T13:39:30+08:00 ] ::1 /images_stram/imgs/2.jpg
INFO: [ app_init ] --START--
INFO: Run Behavior\BuildLiteBehavior [ RunTime:0.000000s ]
INFO: [ app_init ] --END-- [ RunTime:0.001000s ]
ERR: 无法加载模块:Imgs

[ 2017-10-31T13:39:30+08:00 ] ::1 /images_stram/imgs/3.jpg
INFO: [ app_init ] --START--
INFO: Run Behavior\BuildLiteBehavior [ RunTime:0.000000s ]
INFO: [ app_init ] --END-- [ RunTime:0.000000s ]
ERR: 无法加载模块:Imgs

[ 2017-10-31T13:39:30+08:00 ] ::1 /images_stram/imgs/4.jpg
INFO: [ app_init ] --START--
INFO: Run Behavior\BuildLiteBehavior [ RunTime:0.000000s ]
INFO: [ app_init ] --END-- [ RunTime:0.001000s ]
ERR: 无法加载模块:Imgs

[ 2017-10-31T13:39:30+08:00 ] ::1 /images_stram/imgs/7.jpg
INFO: [ app_init ] --START--
INFO: Run Behavior\BuildLiteBehavior [ RunTime:0.000000s ]
INFO: [ app_init ] --END-- [ RunTime:0.000000s ]
ERR: 无法加载模块:Imgs

[ 2017-10-31T13:39:30+08:00 ] ::1 /images_stram/imgs/5.jpg
INFO: [ app_init ] --START--
INFO: Run Behavior\BuildLiteBehavior [ RunTime:0.000000s ]
INFO: [ app_init ] --END-- [ RunTime:0.000000s ]
ERR: 无法加载模块:Imgs

[ 2017-10-31T13:39:30+08:00 ] ::1 /images_stram/imgs/13.jpg
INFO: [ app_init ] --START--
INFO: Run Behavior\BuildLiteBehavior [ RunTime:0.000000s ]
INFO: [ app_init ] --END-- [ RunTime:0.000000s ]
ERR: 无法加载模块:Imgs

[ 2017-10-31T13:39:30+08:00 ] ::1 /images_stram/imgs/14.jpg
INFO: [ app_init ] --START--
INFO: Run Behavior\BuildLiteBehavior [ RunTime:0.000000s ]
INFO: [ app_init ] --END-- [ RunTime:0.000000s ]
ERR: 无法加载模块:Imgs

[ 2017-10-31T13:39:30+08:00 ] ::1 /images_stram/imgs/9.jpg
INFO: [ app_init ] --START--
INFO: Run Behavior\BuildLiteBehavior [ RunTime:0.000000s ]
INFO: [ app_init ] --END-- [ RunTime:0.000000s ]
ERR: 无法加载模块:Imgs

[ 2017-10-31T13:39:30+08:00 ] ::1 /images_stram/imgs/12.jpg
INFO: [ app_init ] --START--
INFO: Run Behavior\BuildLiteBehavior [ RunTime:0.004000s ]
INFO: [ app_init ] --END-- [ RunTime:0.006000s ]
ERR: 无法加载模块:Imgs

[ 2017-10-31T13:39:30+08:00 ] ::1 /images_stram/imgs/11.jpg
INFO: [ app_init ] --START--
INFO: Run Behavior\BuildLiteBehavior [ RunTime:0.000000s ]
INFO: [ app_init ] --END-- [ RunTime:0.000000s ]
ERR: 无法加载模块:Imgs

[ 2017-10-31T13:39:30+08:00 ] ::1 /images_stram/imgs/18.jpg
INFO: [ app_init ] --START--
INFO: Run Behavior\BuildLiteBehavior [ RunTime:0.000000s ]
INFO: [ app_init ] --END-- [ RunTime:0.001000s ]
ERR: 无法加载模块:Imgs

[ 2017-10-31T13:39:30+08:00 ] ::1 /images_stram/imgs/15.jpg
INFO: [ app_init ] --START--
INFO: Run Behavior\BuildLiteBehavior [ RunTime:0.000000s ]
INFO: [ app_init ] --END-- [ RunTime:0.001000s ]
ERR: 无法加载模块:Imgs

[ 2017-10-31T13:39:30+08:00 ] ::1 /images_stram/imgs/8.jpg
INFO: [ app_init ] --START--
INFO: Run Behavior\BuildLiteBehavior [ RunTime:0.000000s ]
INFO: [ app_init ] --END-- [ RunTime:0.002000s ]
ERR: 无法加载模块:Imgs

[ 2017-10-31T13:39:30+08:00 ] ::1 /images_stram/imgs/6.jpg
INFO: [ app_init ] --START--
INFO: Run Behavior\BuildLiteBehavior [ RunTime:0.000000s ]
INFO: [ app_init ] --END-- [ RunTime:0.001000s ]
ERR: 无法加载模块:Imgs

[ 2017-10-31T13:39:30+08:00 ] ::1 /images_stram/imgs/17.jpg
INFO: [ app_init ] --START--
INFO: Run Behavior\BuildLiteBehavior [ RunTime:0.000000s ]
INFO: [ app_init ] --END-- [ RunTime:0.001000s ]
ERR: 无法加载模块:Imgs

[ 2017-10-31T13:39:30+08:00 ] ::1 /images_stram/imgs/16.jpg
INFO: [ app_init ] --START--
INFO: Run Behavior\BuildLiteBehavior [ RunTime:0.000000s ]
INFO: [ app_init ] --END-- [ RunTime:0.001000s ]
ERR: 无法加载模块:Imgs

[ 2017-10-31T13:39:30+08:00 ] ::1 /images_stram/imgs/10.jpg
INFO: [ app_init ] --START--
INFO: Run Behavior\BuildLiteBehavior [ RunTime:0.000000s ]
INFO: [ app_init ] --END-- [ RunTime:0.001000s ]
ERR: 无法加载模块:Imgs

[ 2017-10-31T17:05:27+08:00 ] ::1 /images_stram/Public/Uploads//1.jpg
INFO: [ app_init ] --START--
INFO: Run Behavior\BuildLiteBehavior [ RunTime:0.000021s ]
INFO: [ app_init ] --END-- [ RunTime:0.000449s ]
ERR: 无法加载模块:Public

[ 2017-10-31T17:05:27+08:00 ] ::1 /images_stram/Public/Uploads//%E8%BF%94%E5%9B%9E%E9%A1%B6%E9%83%A8.png
INFO: [ app_init ] --START--
INFO: Run Behavior\BuildLiteBehavior [ RunTime:0.000044s ]
INFO: [ app_init ] --END-- [ RunTime:0.001059s ]
ERR: 无法加载模块:Public

[ 2017-10-31T17:07:41+08:00 ] ::1 /images_stram/Public/Uploads//%E8%BF%94%E5%9B%9E%E9%A1%B6%E9%83%A8.png
INFO: [ app_init ] --START--
INFO: Run Behavior\BuildLiteBehavior [ RunTime:0.000026s ]
INFO: [ app_init ] --END-- [ RunTime:0.000806s ]
ERR: 无法加载模块:Public

[ 2017-10-31T17:07:42+08:00 ] ::1 /images_stram/Public/Uploads//%E8%BF%94%E5%9B%9E%E9%A1%B6%E9%83%A8.png
INFO: [ app_init ] --START--
INFO: Run Behavior\BuildLiteBehavior [ RunTime:0.000023s ]
INFO: [ app_init ] --END-- [ RunTime:0.000626s ]
ERR: 无法加载模块:Public

[ 2017-10-31T17:07:44+08:00 ] ::1 /images_stram/Public/Uploads//%E8%BF%94%E5%9B%9E%E9%A1%B6%E9%83%A8.png
INFO: [ app_init ] --START--
INFO: Run Behavior\BuildLiteBehavior [ RunTime:0.000099s ]
INFO: [ app_init ] --END-- [ RunTime:0.001512s ]
ERR: 无法加载模块:Public

[ 2017-10-31T17:08:18+08:00 ] ::1 /images_stram/Public/Uploads//%E8%BF%94%E5%9B%9E%E9%A1%B6%E9%83%A8.png
INFO: [ app_init ] --START--
INFO: Run Behavior\BuildLiteBehavior [ RunTime:0.000029s ]
INFO: [ app_init ] --END-- [ RunTime:0.000755s ]
ERR: 无法加载模块:Public

[ 2017-10-31T17:08:27+08:00 ] ::1 /images_stram/Public/Uploads//%E8%BF%94%E5%9B%9E%E9%A1%B6%E9%83%A8.png
INFO: [ app_init ] --START--
INFO: Run Behavior\BuildLiteBehavior [ RunTime:0.000023s ]
INFO: [ app_init ] --END-- [ RunTime:0.000680s ]
ERR: 无法加载模块:Public

[ 2017-10-31T17:09:03+08:00 ] ::1 /images_stram/Public/Uploads//%E8%BF%94%E5%9B%9E%E9%A1%B6%E9%83%A8.png
INFO: [ app_init ] --START--
INFO: Run Behavior\BuildLiteBehavior [ RunTime:0.000048s ]
INFO: [ app_init ] --END-- [ RunTime:0.000974s ]
ERR: 无法加载模块:Public

[ 2017-10-31T17:09:04+08:00 ] ::1 /images_stram/Public/Uploads//%E8%BF%94%E5%9B%9E%E9%A1%B6%E9%83%A8.png
INFO: [ app_init ] --START--
INFO: Run Behavior\BuildLiteBehavior [ RunTime:0.000056s ]
INFO: [ app_init ] --END-- [ RunTime:0.001798s ]
ERR: 无法加载模块:Public

[ 2017-10-31T17:09:04+08:00 ] ::1 /images_stram/Public/Uploads//%E8%BF%94%E5%9B%9E%E9%A1%B6%E9%83%A8.png
INFO: [ app_init ] --START--
INFO: Run Behavior\BuildLiteBehavior [ RunTime:0.000016s ]
INFO: [ app_init ] --END-- [ RunTime:0.000832s ]
ERR: 无法加载模块:Public

[ 2017-10-31T17:09:15+08:00 ] ::1 /images_stram/Public/Uploads//%E8%BF%94%E5%9B%9E%E9%A1%B6%E9%83%A8.png
INFO: [ app_init ] --START--
INFO: Run Behavior\BuildLiteBehavior [ RunTime:0.000023s ]
INFO: [ app_init ] --END-- [ RunTime:0.000604s ]
ERR: 无法加载模块:Public

[ 2017-10-31T17:09:19+08:00 ] ::1 /images_stram/Public/Uploads//%E8%BF%94%E5%9B%9E%E9%A1%B6%E9%83%A8.png
INFO: [ app_init ] --START--
INFO: Run Behavior\BuildLiteBehavior [ RunTime:0.000016s ]
INFO: [ app_init ] --END-- [ RunTime:0.000717s ]
ERR: 无法加载模块:Public

[ 2017-10-31T17:09:21+08:00 ] ::1 /images_stram/Public/Uploads//%E8%BF%94%E5%9B%9E%E9%A1%B6%E9%83%A8.png
INFO: [ app_init ] --START--
INFO: Run Behavior\BuildLiteBehavior [ RunTime:0.000011s ]
INFO: [ app_init ] --END-- [ RunTime:0.000404s ]
ERR: 无法加载模块:Public

[ 2017-10-31T17:09:22+08:00 ] ::1 /images_stram/Public/Uploads//%E8%BF%94%E5%9B%9E%E9%A1%B6%E9%83%A8.png
INFO: [ app_init ] --START--
INFO: Run Behavior\BuildLiteBehavior [ RunTime:0.000014s ]
INFO: [ app_init ] --END-- [ RunTime:0.000568s ]
ERR: 无法加载模块:Public

[ 2017-10-31T17:09:24+08:00 ] ::1 /images_stram/Public/Uploads//%E8%BF%94%E5%9B%9E%E9%A1%B6%E9%83%A8.png
INFO: [ app_init ] --START--
INFO: Run Behavior\BuildLiteBehavior [ RunTime:0.000054s ]
INFO: [ app_init ] --END-- [ RunTime:0.001035s ]
ERR: 无法加载模块:Public

[ 2017-10-31T17:09:25+08:00 ] ::1 /images_stram/Public/Uploads//%E8%BF%94%E5%9B%9E%E9%A1%B6%E9%83%A8.png
INFO: [ app_init ] --START--
INFO: Run Behavior\BuildLiteBehavior [ RunTime:0.000019s ]
INFO: [ app_init ] --END-- [ RunTime:0.000833s ]
ERR: 无法加载模块:Public

